d:\projects\genpasswd\genpasswd_201610151\genpasswd\release\genpasswd.pch
d:\projects\genpasswd\genpasswd_201610151\genpasswd\release\vc120.pdb
d:\projects\genpasswd\genpasswd_201610151\genpasswd\release\stdafx.obj
d:\projects\genpasswd\genpasswd_201610151\genpasswd\release\genpasswd.obj
d:\projects\genpasswd\genpasswd_201610151\genpasswd\release\assemblyinfo.obj
d:\projects\genpasswd\genpasswd_201610151\genpasswd\release\about.obj
d:\projects\genpasswd\genpasswd_201610151\genpasswd\release\.netframework,version=v4.0.assemblyattributes.obj
d:\projects\genpasswd\genpasswd_201610151\genpasswd\release\genpasswd.about.resources
d:\projects\genpasswd\genpasswd_201610151\genpasswd\release\genpasswd.form1.resources
d:\projects\genpasswd\genpasswd_201610151\release\genpasswd.exe
d:\projects\genpasswd\genpasswd_201610151\release\genpasswd.pdb
d:\projects\genpasswd\genpasswd_201610151\genpasswd\release\app.res
d:\projects\genpasswd\genpasswd_201712141\genpasswd\release\genpasswd.vcxproj.generateresource.cache
d:\projects\genpasswd\genpasswd_201712141\genpasswd\release\.netframework,version=v4.0.assemblyattributes.obj
d:\projects\genpasswd\genpasswd_201712141\genpasswd\release\about.obj
d:\projects\genpasswd\genpasswd_201712141\genpasswd\release\assemblyinfo.obj
d:\projects\genpasswd\genpasswd_201712141\genpasswd\release\genpasswd.obj
d:\projects\genpasswd\genpasswd_201712141\genpasswd\release\stdafx.obj
d:\projects\genpasswd\genpasswd_201712141\genpasswd\release\genpasswd.about.resources
d:\projects\genpasswd\genpasswd_201712141\genpasswd\release\genpasswd.form1.resources
d:\projects\genpasswd\genpasswd_201712141\genpasswd\release\app.res
d:\projects\genpasswd\genpasswd_201712141\genpasswd\release\genpasswd.pch
d:\projects\genpasswd\genpasswd_201712141\genpasswd\release\vc120.pdb
d:\projects\genpasswd\genpasswd_201712141\release\genpasswd.pdb
d:\projects\genpasswd\genpasswd_201712141\release\genpasswd.exe
d:\projects\genpasswd\genpasswd_201712141\genpasswd\release\genpasswd.tlog\cl.command.1.tlog
d:\projects\genpasswd\genpasswd_201712141\genpasswd\release\genpasswd.tlog\cl.read.1.tlog
d:\projects\genpasswd\genpasswd_201712141\genpasswd\release\genpasswd.tlog\cl.write.1.tlog
d:\projects\genpasswd\genpasswd_201712141\genpasswd\release\genpasswd.tlog\genpasswd.write.1u.tlog
d:\projects\genpasswd\genpasswd_201712141\genpasswd\release\genpasswd.tlog\link.command.1.tlog
d:\projects\genpasswd\genpasswd_201712141\genpasswd\release\genpasswd.tlog\link.read.1.tlog
d:\projects\genpasswd\genpasswd_201712141\genpasswd\release\genpasswd.tlog\link.write.1.tlog
d:\projects\genpasswd\genpasswd_201712141\genpasswd\release\genpasswd.tlog\metagen.read.1.tlog
d:\projects\genpasswd\genpasswd_201712141\genpasswd\release\genpasswd.tlog\metagen.write.1.tlog
d:\projects\genpasswd\genpasswd_201712141\genpasswd\release\genpasswd.tlog\rc.command.1.tlog
d:\projects\genpasswd\genpasswd_201712141\genpasswd\release\genpasswd.tlog\rc.read.1.tlog
d:\projects\genpasswd\genpasswd_201712141\genpasswd\release\genpasswd.tlog\rc.write.1.tlog
d:\projects\genpasswd\genpasswd_201712141\genpasswd\release\genpasswd.tlog\tzres.dll.bi
